ERROR - 2022-11-17 01:20:59 --> mysqli_sql_exception: Unknown column 'jenis' in 'where clause' in /Applications/MAMP/htdocs/victory-open/system/Database/MySQLi/Connection.php:292
Stack trace:
#0 /Applications/MAMP/htdocs/victory-open/system/Database/MySQLi/Connection.php(292): mysqli->query('SELECT *\nFROM `...', 0)
#1 /Applications/MAMP/htdocs/victory-open/system/Database/BaseConnection.php(666): CodeIgniter\Database\MySQLi\Connection->execute('SELECT *\nFROM `...')
#2 /Applications/MAMP/htdocs/victory-open/system/Database/BaseConnection.php(593): CodeIgniter\Database\BaseConnection->simpleQuery('SELECT *\nFROM `...')
#3 /Applications/MAMP/htdocs/victory-open/system/Database/BaseBuilder.php(1585): CodeIgniter\Database\BaseConnection->query('SELECT *\nFROM `...', Array, false)
#4 /Applications/MAMP/htdocs/victory-open/app/Models/Categories.php(15): CodeIgniter\Database\BaseBuilder->get()
#5 /Applications/MAMP/htdocs/victory-open/app/Controllers/Home.php(22): App\Models\Categories->showClassKyorugi()
#6 /Applications/MAMP/htdocs/victory-open/system/CodeIgniter.php(927): App\Controllers\Home->index()
#7 /Applications/MAMP/htdocs/victory-open/system/CodeIgniter.php(482): CodeIgniter\CodeIgniter->runController(Object(App\Controllers\Home))
#8 /Applications/MAMP/htdocs/victory-open/system/CodeIgniter.php(351): CodeIgniter\CodeIgniter->handleRequest(NULL, Object(Config\Cache), false)
#9 /Applications/MAMP/htdocs/victory-open/public/index.php(67): CodeIgniter\CodeIgniter->run()
#10 /Applications/MAMP/htdocs/victory-open/system/Commands/Server/rewrite.php(46): require_once('/Applications/M...')
#11 {main}
CRITICAL - 2022-11-17 01:20:59 --> Unknown column 'jenis' in 'where clause'
in SYSTEMPATH/Database/MySQLi/Connection.php on line 292.
 1 SYSTEMPATH/Database/MySQLi/Connection.php(292): mysqli->query('SELECT *
FROM `class`
WHERE `jenis` = \'kyorugi\'', 0)
 2 SYSTEMPATH/Database/BaseConnection.php(666): CodeIgniter\Database\MySQLi\Connection->execute('SELECT *
FROM `class`
WHERE `jenis` = \'kyorugi\'')
 3 SYSTEMPATH/Database/BaseConnection.php(593): CodeIgniter\Database\BaseConnection->simpleQuery('SELECT *
FROM `class`
WHERE `jenis` = \'kyorugi\'')
 4 SYSTEMPATH/Database/BaseBuilder.php(1585): CodeIgniter\Database\BaseConnection->query('SELECT *
FROM `class`
WHERE `jenis` = :jenis:', [...], false)
 5 APPPATH/Models/Categories.php(15): CodeIgniter\Database\BaseBuilder->get()
 6 APPPATH/Controllers/Home.php(22): App\Models\Categories->showClassKyorugi()
 7 SYSTEMPATH/CodeIgniter.php(927): App\Controllers\Home->index()
 8 SYSTEMPATH/CodeIgniter.php(482): CodeIgniter\CodeIgniter->runController(Object(App\Controllers\Home))
 9 SYSTEMPATH/CodeIgniter.php(351): CodeIgniter\CodeIgniter->handleRequest(null, Object(Config\Cache), false)
10 FCPATH/index.php(67): CodeIgniter\CodeIgniter->run()
11 SYSTEMPATH/Commands/Server/rewrite.php(46): require_once('FCPATH/index.php')
CRITICAL - 2022-11-17 04:00:43 --> Too few arguments to function CodeIgniter\HTTP\IncomingRequest::getFile(), 0 passed in /Applications/MAMP/htdocs/victory-open/app/Controllers/Registration.php on line 74 and exactly 1 expected
in SYSTEMPATH/HTTP/IncomingRequest.php on line 750.
 1 APPPATH/Controllers/Registration.php(74): CodeIgniter\HTTP\IncomingRequest->getFile()
 2 SYSTEMPATH/CodeIgniter.php(927): App\Controllers\Registration->simpanPeserta()
 3 SYSTEMPATH/CodeIgniter.php(482): CodeIgniter\CodeIgniter->runController(Object(App\Controllers\Registration))
 4 SYSTEMPATH/CodeIgniter.php(351): CodeIgniter\CodeIgniter->handleRequest(null, Object(Config\Cache), false)
 5 FCPATH/index.php(67): CodeIgniter\CodeIgniter->run()
 6 SYSTEMPATH/Commands/Server/rewrite.php(46): require_once('FCPATH/index.php')
CRITICAL - 2022-11-17 05:13:03 --> syntax error, unexpected ']'
in APPPATH/Controllers/Registration.php on line 92.
 1 SYSTEMPATH/Autoloader/Autoloader.php(259): CodeIgniter\Autoloader\Autoloader->includeFile('APPPATH/Controllers/Registration.php')
 2 SYSTEMPATH/Autoloader/Autoloader.php(237): CodeIgniter\Autoloader\Autoloader->loadInNamespace('App\\Controllers\\Registration')
 3 [internal function]: CodeIgniter\Autoloader\Autoloader->loadClass('App\\Controllers\\Registration')
 4 [internal function]: spl_autoload_call('App\\Controllers\\Registration')
 5 SYSTEMPATH/CodeIgniter.php(877): class_exists('\\App\\Controllers\\Registration', true)
 6 SYSTEMPATH/CodeIgniter.php(469): CodeIgniter\CodeIgniter->startController()
 7 SYSTEMPATH/CodeIgniter.php(351): CodeIgniter\CodeIgniter->handleRequest(null, Object(Config\Cache), false)
 8 FCPATH/index.php(67): CodeIgniter\CodeIgniter->run()
 9 SYSTEMPATH/Commands/Server/rewrite.php(46): require_once('FCPATH/index.php')
CRITICAL - 2022-11-17 05:14:33 --> Undefined offset: 0
in APPPATH/Controllers/Registration.php on line 78.
 1 APPPATH/Controllers/Registration.php(78): CodeIgniter\Debug\Exceptions->errorHandler(8, 'Undefined offset: 0', 'APPPATH/Controllers/Registration.php', 78, [...])
 2 SYSTEMPATH/CodeIgniter.php(927): App\Controllers\Registration->simpanPeserta()
 3 SYSTEMPATH/CodeIgniter.php(482): CodeIgniter\CodeIgniter->runController(Object(App\Controllers\Registration))
 4 SYSTEMPATH/CodeIgniter.php(351): CodeIgniter\CodeIgniter->handleRequest(null, Object(Config\Cache), false)
 5 FCPATH/index.php(67): CodeIgniter\CodeIgniter->run()
 6 SYSTEMPATH/Commands/Server/rewrite.php(46): require_once('FCPATH/index.php')
CRITICAL - 2022-11-17 05:15:06 --> Undefined offset: 0
in APPPATH/Controllers/Registration.php on line 77.
 1 APPPATH/Controllers/Registration.php(77): CodeIgniter\Debug\Exceptions->errorHandler(8, 'Undefined offset: 0', 'APPPATH/Controllers/Registration.php', 77, [...])
 2 SYSTEMPATH/CodeIgniter.php(927): App\Controllers\Registration->simpanPeserta()
 3 SYSTEMPATH/CodeIgniter.php(482): CodeIgniter\CodeIgniter->runController(Object(App\Controllers\Registration))
 4 SYSTEMPATH/CodeIgniter.php(351): CodeIgniter\CodeIgniter->handleRequest(null, Object(Config\Cache), false)
 5 FCPATH/index.php(67): CodeIgniter\CodeIgniter->run()
 6 SYSTEMPATH/Commands/Server/rewrite.php(46): require_once('FCPATH/index.php')
CRITICAL - 2022-11-17 05:15:27 --> Undefined offset: 0
in APPPATH/Controllers/Registration.php on line 78.
 1 APPPATH/Controllers/Registration.php(78): CodeIgniter\Debug\Exceptions->errorHandler(8, 'Undefined offset: 0', 'APPPATH/Controllers/Registration.php', 78, [...])
 2 SYSTEMPATH/CodeIgniter.php(927): App\Controllers\Registration->simpanPeserta()
 3 SYSTEMPATH/CodeIgniter.php(482): CodeIgniter\CodeIgniter->runController(Object(App\Controllers\Registration))
 4 SYSTEMPATH/CodeIgniter.php(351): CodeIgniter\CodeIgniter->handleRequest(null, Object(Config\Cache), false)
 5 FCPATH/index.php(67): CodeIgniter\CodeIgniter->run()
 6 SYSTEMPATH/Commands/Server/rewrite.php(46): require_once('FCPATH/index.php')
CRITICAL - 2022-11-17 05:21:39 --> Undefined index: tanggal_lahir
in APPPATH/Controllers/Registration.php on line 84.
 1 APPPATH/Controllers/Registration.php(84): CodeIgniter\Debug\Exceptions->errorHandler(8, 'Undefined index: tanggal_lahir', 'APPPATH/Controllers/Registration.php', 84, [...])
 2 SYSTEMPATH/CodeIgniter.php(927): App\Controllers\Registration->simpanPeserta()
 3 SYSTEMPATH/CodeIgniter.php(482): CodeIgniter\CodeIgniter->runController(Object(App\Controllers\Registration))
 4 SYSTEMPATH/CodeIgniter.php(351): CodeIgniter\CodeIgniter->handleRequest(null, Object(Config\Cache), false)
 5 FCPATH/index.php(67): CodeIgniter\CodeIgniter->run()
 6 SYSTEMPATH/Commands/Server/rewrite.php(46): require_once('FCPATH/index.php')
ERROR - 2022-11-17 05:24:10 --> mysqli_sql_exception: Operand should contain 1 column(s) in /Applications/MAMP/htdocs/victory-open/system/Database/MySQLi/Connection.php:292
Stack trace:
#0 /Applications/MAMP/htdocs/victory-open/system/Database/MySQLi/Connection.php(292): mysqli->query('INSERT INTO `cl...', 0)
#1 /Applications/MAMP/htdocs/victory-open/system/Database/BaseConnection.php(666): CodeIgniter\Database\MySQLi\Connection->execute('INSERT INTO `cl...')
#2 /Applications/MAMP/htdocs/victory-open/system/Database/BaseConnection.php(593): CodeIgniter\Database\BaseConnection->simpleQuery('INSERT INTO `cl...')
#3 /Applications/MAMP/htdocs/victory-open/system/Database/BaseBuilder.php(1916): CodeIgniter\Database\BaseConnection->query('INSERT INTO `cl...', Array, false)
#4 /Applications/MAMP/htdocs/victory-open/app/Models/Categories.php(41): CodeIgniter\Database\BaseBuilder->insert(Array)
#5 /Applications/MAMP/htdocs/victory-open/app/Controllers/Registration.php(101): App\Models\Categories->saveClass(Array)
#6 /Applications/MAMP/htdocs/victory-open/system/CodeIgniter.php(927): App\Controllers\Registration->simpanPeserta()
#7 /Applications/MAMP/htdocs/victory-open/system/CodeIgniter.php(482): CodeIgniter\CodeIgniter->runController(Object(App\Controllers\Registration))
#8 /Applications/MAMP/htdocs/victory-open/system/CodeIgniter.php(351): CodeIgniter\CodeIgniter->handleRequest(NULL, Object(Config\Cache), false)
#9 /Applications/MAMP/htdocs/victory-open/public/index.php(67): CodeIgniter\CodeIgniter->run()
#10 /Applications/MAMP/htdocs/victory-open/system/Commands/Server/rewrite.php(46): require_once('/Applications/M...')
#11 {main}
CRITICAL - 2022-11-17 05:24:10 --> Operand should contain 1 column(s)
in SYSTEMPATH/Database/MySQLi/Connection.php on line 292.
 1 SYSTEMPATH/Database/MySQLi/Connection.php(292): mysqli->query('INSERT INTO `class_detail` (`category_id`, `class_id`, `person`, `user_1`) VALUES (\'kyorugi\', \'1\', (\'individual\',\'individual\'), 4)', 0)
 2 SYSTEMPATH/Database/BaseConnection.php(666): CodeIgniter\Database\MySQLi\Connection->execute('INSERT INTO `class_detail` (`category_id`, `class_id`, `person`, `user_1`) VALUES (\'kyorugi\', \'1\', (\'individual\',\'individual\'), 4)')
 3 SYSTEMPATH/Database/BaseConnection.php(593): CodeIgniter\Database\BaseConnection->simpleQuery('INSERT INTO `class_detail` (`category_id`, `class_id`, `person`, `user_1`) VALUES (\'kyorugi\', \'1\', (\'individual\',\'individual\'), 4)')
 4 SYSTEMPATH/Database/BaseBuilder.php(1916): CodeIgniter\Database\BaseConnection->query('INSERT INTO `class_detail` (`category_id`, `class_id`, `person`, `user_1`) VALUES (:category_id:, :class_id:, :person:, :user_1:)', [...], false)
 5 APPPATH/Models/Categories.php(41): CodeIgniter\Database\BaseBuilder->insert([...])
 6 APPPATH/Controllers/Registration.php(101): App\Models\Categories->saveClass([...])
 7 SYSTEMPATH/CodeIgniter.php(927): App\Controllers\Registration->simpanPeserta()
 8 SYSTEMPATH/CodeIgniter.php(482): CodeIgniter\CodeIgniter->runController(Object(App\Controllers\Registration))
 9 SYSTEMPATH/CodeIgniter.php(351): CodeIgniter\CodeIgniter->handleRequest(null, Object(Config\Cache), false)
10 FCPATH/index.php(67): CodeIgniter\CodeIgniter->run()
11 SYSTEMPATH/Commands/Server/rewrite.php(46): require_once('FCPATH/index.php')
CRITICAL - 2022-11-17 05:39:55 --> Undefined index: foto
in APPPATH/Controllers/Registration.php on line 102.
 1 APPPATH/Controllers/Registration.php(102): CodeIgniter\Debug\Exceptions->errorHandler(8, 'Undefined index: foto', 'APPPATH/Controllers/Registration.php', 102, [...])
 2 SYSTEMPATH/CodeIgniter.php(927): App\Controllers\Registration->simpanPeserta()
 3 SYSTEMPATH/CodeIgniter.php(482): CodeIgniter\CodeIgniter->runController(Object(App\Controllers\Registration))
 4 SYSTEMPATH/CodeIgniter.php(351): CodeIgniter\CodeIgniter->handleRequest(null, Object(Config\Cache), false)
 5 FCPATH/index.php(67): CodeIgniter\CodeIgniter->run()
 6 SYSTEMPATH/Commands/Server/rewrite.php(46): require_once('FCPATH/index.php')
CRITICAL - 2022-11-17 05:40:31 --> Undefined index: foto
in APPPATH/Controllers/Registration.php on line 103.
 1 APPPATH/Controllers/Registration.php(103): CodeIgniter\Debug\Exceptions->errorHandler(8, 'Undefined index: foto', 'APPPATH/Controllers/Registration.php', 103, [...])
 2 SYSTEMPATH/CodeIgniter.php(927): App\Controllers\Registration->simpanPeserta()
 3 SYSTEMPATH/CodeIgniter.php(482): CodeIgniter\CodeIgniter->runController(Object(App\Controllers\Registration))
 4 SYSTEMPATH/CodeIgniter.php(351): CodeIgniter\CodeIgniter->handleRequest(null, Object(Config\Cache), false)
 5 FCPATH/index.php(67): CodeIgniter\CodeIgniter->run()
 6 SYSTEMPATH/Commands/Server/rewrite.php(46): require_once('FCPATH/index.php')
CRITICAL - 2022-11-17 05:40:45 --> Undefined offset: 1
in APPPATH/Controllers/Registration.php on line 117.
 1 APPPATH/Controllers/Registration.php(117): CodeIgniter\Debug\Exceptions->errorHandler(8, 'Undefined offset: 1', 'APPPATH/Controllers/Registration.php', 117, [...])
 2 SYSTEMPATH/CodeIgniter.php(927): App\Controllers\Registration->simpanPeserta()
 3 SYSTEMPATH/CodeIgniter.php(482): CodeIgniter\CodeIgniter->runController(Object(App\Controllers\Registration))
 4 SYSTEMPATH/CodeIgniter.php(351): CodeIgniter\CodeIgniter->handleRequest(null, Object(Config\Cache), false)
 5 FCPATH/index.php(67): CodeIgniter\CodeIgniter->run()
 6 SYSTEMPATH/Commands/Server/rewrite.php(46): require_once('FCPATH/index.php')
CRITICAL - 2022-11-17 05:42:50 --> Cannot use a scalar value as an array
in APPPATH/Controllers/Registration.php on line 111.
 1 APPPATH/Controllers/Registration.php(111): CodeIgniter\Debug\Exceptions->errorHandler(2, 'Cannot use a scalar value as an array', 'APPPATH/Controllers/Registration.php', 111, [...])
 2 SYSTEMPATH/CodeIgniter.php(927): App\Controllers\Registration->simpanPeserta()
 3 SYSTEMPATH/CodeIgniter.php(482): CodeIgniter\CodeIgniter->runController(Object(App\Controllers\Registration))
 4 SYSTEMPATH/CodeIgniter.php(351): CodeIgniter\CodeIgniter->handleRequest(null, Object(Config\Cache), false)
 5 FCPATH/index.php(67): CodeIgniter\CodeIgniter->run()
 6 SYSTEMPATH/Commands/Server/rewrite.php(46): require_once('FCPATH/index.php')
CRITICAL - 2022-11-17 05:51:05 --> Undefined index: tim
in APPPATH/Controllers/Registration.php on line 126.
 1 APPPATH/Controllers/Registration.php(126): CodeIgniter\Debug\Exceptions->errorHandler(8, 'Undefined index: tim', 'APPPATH/Controllers/Registration.php', 126, [...])
 2 SYSTEMPATH/CodeIgniter.php(927): App\Controllers\Registration->simpanPeserta()
 3 SYSTEMPATH/CodeIgniter.php(482): CodeIgniter\CodeIgniter->runController(Object(App\Controllers\Registration))
 4 SYSTEMPATH/CodeIgniter.php(351): CodeIgniter\CodeIgniter->handleRequest(null, Object(Config\Cache), false)
 5 FCPATH/index.php(67): CodeIgniter\CodeIgniter->run()
 6 SYSTEMPATH/Commands/Server/rewrite.php(46): require_once('FCPATH/index.php')
CRITICAL - 2022-11-17 05:51:33 --> Undefined index: tim
in APPPATH/Controllers/Registration.php on line 148.
 1 APPPATH/Controllers/Registration.php(148): CodeIgniter\Debug\Exceptions->errorHandler(8, 'Undefined index: tim', 'APPPATH/Controllers/Registration.php', 148, [...])
 2 SYSTEMPATH/CodeIgniter.php(927): App\Controllers\Registration->simpanPeserta()
 3 SYSTEMPATH/CodeIgniter.php(482): CodeIgniter\CodeIgniter->runController(Object(App\Controllers\Registration))
 4 SYSTEMPATH/CodeIgniter.php(351): CodeIgniter\CodeIgniter->handleRequest(null, Object(Config\Cache), false)
 5 FCPATH/index.php(67): CodeIgniter\CodeIgniter->run()
 6 SYSTEMPATH/Commands/Server/rewrite.php(46): require_once('FCPATH/index.php')
CRITICAL - 2022-11-17 05:54:04 --> Undefined offset: 1
in APPPATH/Controllers/Registration.php on line 130.
 1 APPPATH/Controllers/Registration.php(130): CodeIgniter\Debug\Exceptions->errorHandler(8, 'Undefined offset: 1', 'APPPATH/Controllers/Registration.php', 130, [...])
 2 SYSTEMPATH/CodeIgniter.php(927): App\Controllers\Registration->simpanPeserta()
 3 SYSTEMPATH/CodeIgniter.php(482): CodeIgniter\CodeIgniter->runController(Object(App\Controllers\Registration))
 4 SYSTEMPATH/CodeIgniter.php(351): CodeIgniter\CodeIgniter->handleRequest(null, Object(Config\Cache), false)
 5 FCPATH/index.php(67): CodeIgniter\CodeIgniter->run()
 6 SYSTEMPATH/Commands/Server/rewrite.php(46): require_once('FCPATH/index.php')
CRITICAL - 2022-11-17 05:54:18 --> Undefined offset: 1
in APPPATH/Controllers/Registration.php on line 130.
 1 APPPATH/Controllers/Registration.php(130): CodeIgniter\Debug\Exceptions->errorHandler(8, 'Undefined offset: 1', 'APPPATH/Controllers/Registration.php', 130, [...])
 2 SYSTEMPATH/CodeIgniter.php(927): App\Controllers\Registration->simpanPeserta()
 3 SYSTEMPATH/CodeIgniter.php(482): CodeIgniter\CodeIgniter->runController(Object(App\Controllers\Registration))
 4 SYSTEMPATH/CodeIgniter.php(351): CodeIgniter\CodeIgniter->handleRequest(null, Object(Config\Cache), false)
 5 FCPATH/index.php(67): CodeIgniter\CodeIgniter->run()
 6 SYSTEMPATH/Commands/Server/rewrite.php(46): require_once('FCPATH/index.php')
CRITICAL - 2022-11-17 06:27:34 --> The route for "/save-peserta" cannot be found.
in SYSTEMPATH/HTTP/RedirectResponse.php on line 60.
 1 SYSTEMPATH/HTTP/RedirectResponse.php(60): CodeIgniter\HTTP\Exceptions\HTTPException::forInvalidRedirectRoute('/save-peserta')
 2 SYSTEMPATH/Common.php(860): CodeIgniter\HTTP\RedirectResponse->route(false)
 3 APPPATH/Controllers/Registration.php(176): redirect('/save-peserta', 'refresh')
 4 SYSTEMPATH/CodeIgniter.php(927): App\Controllers\Registration->simpanPeserta()
 5 SYSTEMPATH/CodeIgniter.php(482): CodeIgniter\CodeIgniter->runController(Object(App\Controllers\Registration))
 6 SYSTEMPATH/CodeIgniter.php(351): CodeIgniter\CodeIgniter->handleRequest(null, Object(Config\Cache), false)
 7 FCPATH/index.php(67): CodeIgniter\CodeIgniter->run()
 8 SYSTEMPATH/Commands/Server/rewrite.php(46): require_once('FCPATH/index.php')
CRITICAL - 2022-11-17 18:34:06 --> Undefined index: person
in APPPATH/Controllers/Registration.php on line 96.
 1 APPPATH/Controllers/Registration.php(96): CodeIgniter\Debug\Exceptions->errorHandler(8, 'Undefined index: person', 'APPPATH/Controllers/Registration.php', 96, [...])
 2 SYSTEMPATH/CodeIgniter.php(927): App\Controllers\Registration->simpanPeserta()
 3 SYSTEMPATH/CodeIgniter.php(482): CodeIgniter\CodeIgniter->runController(Object(App\Controllers\Registration))
 4 SYSTEMPATH/CodeIgniter.php(351): CodeIgniter\CodeIgniter->handleRequest(null, Object(Config\Cache), false)
 5 FCPATH/index.php(67): CodeIgniter\CodeIgniter->run()
 6 SYSTEMPATH/Commands/Server/rewrite.php(46): require_once('FCPATH/index.php')
