CRITICAL - 2023-01-03 08:49:26 --> Call to undefined method App\Models\Users::orederBy
in SYSTEMPATH/Model.php on line 774.
 1 APPPATH/Controllers/Auth.php(80): CodeIgniter\Model->__call('orederBy', [...])
 2 SYSTEMPATH/CodeIgniter.php(927): App\Controllers\Auth->dashboard()
 3 SYSTEMPATH/CodeIgniter.php(482): CodeIgniter\CodeIgniter->runController(Object(App\Controllers\Auth))
 4 SYSTEMPATH/CodeIgniter.php(351): CodeIgniter\CodeIgniter->handleRequest(null, Object(Config\Cache), false)
 5 FCPATH/index.php(67): CodeIgniter\CodeIgniter->run()
 6 SYSTEMPATH/Commands/Server/rewrite.php(46): require_once('FCPATH/index.php')
ERROR - 2023-01-03 08:51:25 --> mysqli_sql_exception: Column 'id' in order clause is ambiguous in /Applications/MAMP/htdocs/victory-open/system/Database/MySQLi/Connection.php:292
Stack trace:
#0 /Applications/MAMP/htdocs/victory-open/system/Database/MySQLi/Connection.php(292): mysqli->query('SELECT *\nFROM `...', 0)
#1 /Applications/MAMP/htdocs/victory-open/system/Database/BaseConnection.php(666): CodeIgniter\Database\MySQLi\Connection->execute('SELECT *\nFROM `...')
#2 /Applications/MAMP/htdocs/victory-open/system/Database/BaseConnection.php(593): CodeIgniter\Database\BaseConnection->simpleQuery('SELECT *\nFROM `...')
#3 /Applications/MAMP/htdocs/victory-open/system/Database/BaseBuilder.php(1585): CodeIgniter\Database\BaseConnection->query('SELECT *\nFROM `...', Array, false)
#4 /Applications/MAMP/htdocs/victory-open/app/Models/Users.php(31): CodeIgniter\Database\BaseBuilder->get()
#5 /Applications/MAMP/htdocs/victory-open/app/Controllers/Auth.php(80): App\Models\Users->getPesertaBaru()
#6 /Applications/MAMP/htdocs/victory-open/system/CodeIgniter.php(927): App\Controllers\Auth->dashboard()
#7 /Applications/MAMP/htdocs/victory-open/system/CodeIgniter.php(482): CodeIgniter\CodeIgniter->runController(Object(App\Controllers\Auth))
#8 /Applications/MAMP/htdocs/victory-open/system/CodeIgniter.php(351): CodeIgniter\CodeIgniter->handleRequest(NULL, Object(Config\Cache), false)
#9 /Applications/MAMP/htdocs/victory-open/public/index.php(67): CodeIgniter\CodeIgniter->run()
#10 /Applications/MAMP/htdocs/victory-open/system/Commands/Server/rewrite.php(46): require_once('/Applications/M...')
#11 {main}
CRITICAL - 2023-01-03 08:51:25 --> Column 'id' in order clause is ambiguous
in SYSTEMPATH/Database/MySQLi/Connection.php on line 292.
 1 SYSTEMPATH/Database/MySQLi/Connection.php(292): mysqli->query('SELECT *
FROM `users`
JOIN `clubs` ON `clubs`.`id` = `users`.`club_id`
ORDER BY `id` DESC', 0)
 2 SYSTEMPATH/Database/BaseConnection.php(666): CodeIgniter\Database\MySQLi\Connection->execute('SELECT *
FROM `users`
JOIN `clubs` ON `clubs`.`id` = `users`.`club_id`
ORDER BY `id` DESC')
 3 SYSTEMPATH/Database/BaseConnection.php(593): CodeIgniter\Database\BaseConnection->simpleQuery('SELECT *
FROM `users`
JOIN `clubs` ON `clubs`.`id` = `users`.`club_id`
ORDER BY `id` DESC')
 4 SYSTEMPATH/Database/BaseBuilder.php(1585): CodeIgniter\Database\BaseConnection->query('SELECT *
FROM `users`
JOIN `clubs` ON `clubs`.`id` = `users`.`club_id`
ORDER BY `id` DESC', [], false)
 5 APPPATH/Models/Users.php(31): CodeIgniter\Database\BaseBuilder->get()
 6 APPPATH/Controllers/Auth.php(80): App\Models\Users->getPesertaBaru()
 7 SYSTEMPATH/CodeIgniter.php(927): App\Controllers\Auth->dashboard()
 8 SYSTEMPATH/CodeIgniter.php(482): CodeIgniter\CodeIgniter->runController(Object(App\Controllers\Auth))
 9 SYSTEMPATH/CodeIgniter.php(351): CodeIgniter\CodeIgniter->handleRequest(null, Object(Config\Cache), false)
10 FCPATH/index.php(67): CodeIgniter\CodeIgniter->run()
11 SYSTEMPATH/Commands/Server/rewrite.php(46): require_once('FCPATH/index.php')
CRITICAL - 2023-01-03 08:59:02 --> Undefined property: App\Controllers\Home::$userModel
in APPPATH/Controllers/Home.php on line 57.
 1 APPPATH/Controllers/Home.php(57): CodeIgniter\Debug\Exceptions->errorHandler(8, 'Undefined property: App\\Controllers\\Home::$userModel', 'APPPATH/Controllers/Home.php', 57, [])
 2 SYSTEMPATH/CodeIgniter.php(927): App\Controllers\Home->dashboard()
 3 SYSTEMPATH/CodeIgniter.php(482): CodeIgniter\CodeIgniter->runController(Object(App\Controllers\Home))
 4 SYSTEMPATH/CodeIgniter.php(351): CodeIgniter\CodeIgniter->handleRequest(null, Object(Config\Cache), false)
 5 FCPATH/index.php(67): CodeIgniter\CodeIgniter->run()
 6 SYSTEMPATH/Commands/Server/rewrite.php(46): require_once('FCPATH/index.php')
CRITICAL - 2023-01-03 08:59:03 --> Undefined property: App\Controllers\Home::$userModel
in APPPATH/Controllers/Home.php on line 57.
 1 APPPATH/Controllers/Home.php(57): CodeIgniter\Debug\Exceptions->errorHandler(8, 'Undefined property: App\\Controllers\\Home::$userModel', 'APPPATH/Controllers/Home.php', 57, [])
 2 SYSTEMPATH/CodeIgniter.php(927): App\Controllers\Home->dashboard()
 3 SYSTEMPATH/CodeIgniter.php(482): CodeIgniter\CodeIgniter->runController(Object(App\Controllers\Home))
 4 SYSTEMPATH/CodeIgniter.php(351): CodeIgniter\CodeIgniter->handleRequest(null, Object(Config\Cache), false)
 5 FCPATH/index.php(67): CodeIgniter\CodeIgniter->run()
 6 SYSTEMPATH/Commands/Server/rewrite.php(46): require_once('FCPATH/index.php')
ERROR - 2023-01-03 09:10:23 --> mysqli_sql_exception: Unknown column 'categores.jenis' in 'where clause' in /Applications/MAMP/htdocs/victory-open/system/Database/MySQLi/Connection.php:292
Stack trace:
#0 /Applications/MAMP/htdocs/victory-open/system/Database/MySQLi/Connection.php(292): mysqli->query('SELECT *\nFROM `...', 0)
#1 /Applications/MAMP/htdocs/victory-open/system/Database/BaseConnection.php(666): CodeIgniter\Database\MySQLi\Connection->execute('SELECT *\nFROM `...')
#2 /Applications/MAMP/htdocs/victory-open/system/Database/BaseConnection.php(593): CodeIgniter\Database\BaseConnection->simpleQuery('SELECT *\nFROM `...')
#3 /Applications/MAMP/htdocs/victory-open/system/Database/BaseBuilder.php(1585): CodeIgniter\Database\BaseConnection->query('SELECT *\nFROM `...', Array, false)
#4 /Applications/MAMP/htdocs/victory-open/app/Models/Users.php(42): CodeIgniter\Database\BaseBuilder->get()
#5 /Applications/MAMP/htdocs/victory-open/app/Controllers/Home.php(75): App\Models\Users->getDataPoomsaeIndividu()
#6 /Applications/MAMP/htdocs/victory-open/system/CodeIgniter.php(927): App\Controllers\Home->poomsae()
#7 /Applications/MAMP/htdocs/victory-open/system/CodeIgniter.php(482): CodeIgniter\CodeIgniter->runController(Object(App\Controllers\Home))
#8 /Applications/MAMP/htdocs/victory-open/system/CodeIgniter.php(351): CodeIgniter\CodeIgniter->handleRequest(NULL, Object(Config\Cache), false)
#9 /Applications/MAMP/htdocs/victory-open/public/index.php(67): CodeIgniter\CodeIgniter->run()
#10 /Applications/MAMP/htdocs/victory-open/system/Commands/Server/rewrite.php(46): require_once('/Applications/M...')
#11 {main}
CRITICAL - 2023-01-03 09:10:23 --> Unknown column 'categores.jenis' in 'where clause'
in SYSTEMPATH/Database/MySQLi/Connection.php on line 292.
 1 SYSTEMPATH/Database/MySQLi/Connection.php(292): mysqli->query('SELECT *
FROM `users`
JOIN `clubs` ON `clubs`.`id` = `users`.`club_id`
JOIN `class_detail` ON `class_detail`.`user1` = `users`.`id`
JOIN `categories` ON `categories`.`id` = `class_detail`.`category_id`
WHERE `categores`.`jenis` = \'individual\'
ORDER BY `clubs`.`id` ASC', 0)
 2 SYSTEMPATH/Database/BaseConnection.php(666): CodeIgniter\Database\MySQLi\Connection->execute('SELECT *
FROM `users`
JOIN `clubs` ON `clubs`.`id` = `users`.`club_id`
JOIN `class_detail` ON `class_detail`.`user1` = `users`.`id`
JOIN `categories` ON `categories`.`id` = `class_detail`.`category_id`
WHERE `categores`.`jenis` = \'individual\'
ORDER BY `clubs`.`id` ASC')
 3 SYSTEMPATH/Database/BaseConnection.php(593): CodeIgniter\Database\BaseConnection->simpleQuery('SELECT *
FROM `users`
JOIN `clubs` ON `clubs`.`id` = `users`.`club_id`
JOIN `class_detail` ON `class_detail`.`user1` = `users`.`id`
JOIN `categories` ON `categories`.`id` = `class_detail`.`category_id`
WHERE `categores`.`jenis` = \'individual\'
ORDER BY `clubs`.`id` ASC')
 4 SYSTEMPATH/Database/BaseBuilder.php(1585): CodeIgniter\Database\BaseConnection->query('SELECT *
FROM `users`
JOIN `clubs` ON `clubs`.`id` = `users`.`club_id`
JOIN `class_detail` ON `class_detail`.`user1` = `users`.`id`
JOIN `categories` ON `categories`.`id` = `class_detail`.`category_id`
WHERE `categores`.`jenis` = :categores.jenis:
ORDER BY `clubs`.`id` ASC', [...], false)
 5 APPPATH/Models/Users.php(42): CodeIgniter\Database\BaseBuilder->get()
 6 APPPATH/Controllers/Home.php(75): App\Models\Users->getDataPoomsaeIndividu()
 7 SYSTEMPATH/CodeIgniter.php(927): App\Controllers\Home->poomsae()
 8 SYSTEMPATH/CodeIgniter.php(482): CodeIgniter\CodeIgniter->runController(Object(App\Controllers\Home))
 9 SYSTEMPATH/CodeIgniter.php(351): CodeIgniter\CodeIgniter->handleRequest(null, Object(Config\Cache), false)
10 FCPATH/index.php(67): CodeIgniter\CodeIgniter->run()
11 SYSTEMPATH/Commands/Server/rewrite.php(46): require_once('FCPATH/index.php')
ERROR - 2023-01-03 09:10:38 --> mysqli_sql_exception: Unknown column 'categores.jenis' in 'where clause' in /Applications/MAMP/htdocs/victory-open/system/Database/MySQLi/Connection.php:292
Stack trace:
#0 /Applications/MAMP/htdocs/victory-open/system/Database/MySQLi/Connection.php(292): mysqli->query('SELECT `users`....', 0)
#1 /Applications/MAMP/htdocs/victory-open/system/Database/BaseConnection.php(666): CodeIgniter\Database\MySQLi\Connection->execute('SELECT `users`....')
#2 /Applications/MAMP/htdocs/victory-open/system/Database/BaseConnection.php(593): CodeIgniter\Database\BaseConnection->simpleQuery('SELECT `users`....')
#3 /Applications/MAMP/htdocs/victory-open/system/Database/BaseBuilder.php(1585): CodeIgniter\Database\BaseConnection->query('SELECT `users`....', Array, false)
#4 /Applications/MAMP/htdocs/victory-open/app/Models/Users.php(42): CodeIgniter\Database\BaseBuilder->get()
#5 /Applications/MAMP/htdocs/victory-open/app/Controllers/Home.php(75): App\Models\Users->getDataPoomsaeIndividu()
#6 /Applications/MAMP/htdocs/victory-open/system/CodeIgniter.php(927): App\Controllers\Home->poomsae()
#7 /Applications/MAMP/htdocs/victory-open/system/CodeIgniter.php(482): CodeIgniter\CodeIgniter->runController(Object(App\Controllers\Home))
#8 /Applications/MAMP/htdocs/victory-open/system/CodeIgniter.php(351): CodeIgniter\CodeIgniter->handleRequest(NULL, Object(Config\Cache), false)
#9 /Applications/MAMP/htdocs/victory-open/public/index.php(67): CodeIgniter\CodeIgniter->run()
#10 /Applications/MAMP/htdocs/victory-open/system/Commands/Server/rewrite.php(46): require_once('/Applications/M...')
#11 {main}
CRITICAL - 2023-01-03 09:10:38 --> Unknown column 'categores.jenis' in 'where clause'
in SYSTEMPATH/Database/MySQLi/Connection.php on line 292.
 1 SYSTEMPATH/Database/MySQLi/Connection.php(292): mysqli->query('SELECT `users`.*
FROM `users`
JOIN `clubs` ON `clubs`.`id` = `users`.`club_id`
JOIN `class_detail` ON `class_detail`.`user1` = `users`.`id`
JOIN `categories` ON `categories`.`id` = `class_detail`.`category_id`
WHERE `categores`.`jenis` = \'individual\'
ORDER BY `clubs`.`id` ASC', 0)
 2 SYSTEMPATH/Database/BaseConnection.php(666): CodeIgniter\Database\MySQLi\Connection->execute('SELECT `users`.*
FROM `users`
JOIN `clubs` ON `clubs`.`id` = `users`.`club_id`
JOIN `class_detail` ON `class_detail`.`user1` = `users`.`id`
JOIN `categories` ON `categories`.`id` = `class_detail`.`category_id`
WHERE `categores`.`jenis` = \'individual\'
ORDER BY `clubs`.`id` ASC')
 3 SYSTEMPATH/Database/BaseConnection.php(593): CodeIgniter\Database\BaseConnection->simpleQuery('SELECT `users`.*
FROM `users`
JOIN `clubs` ON `clubs`.`id` = `users`.`club_id`
JOIN `class_detail` ON `class_detail`.`user1` = `users`.`id`
JOIN `categories` ON `categories`.`id` = `class_detail`.`category_id`
WHERE `categores`.`jenis` = \'individual\'
ORDER BY `clubs`.`id` ASC')
 4 SYSTEMPATH/Database/BaseBuilder.php(1585): CodeIgniter\Database\BaseConnection->query('SELECT `users`.*
FROM `users`
JOIN `clubs` ON `clubs`.`id` = `users`.`club_id`
JOIN `class_detail` ON `class_detail`.`user1` = `users`.`id`
JOIN `categories` ON `categories`.`id` = `class_detail`.`category_id`
WHERE `categores`.`jenis` = :categores.jenis:
ORDER BY `clubs`.`id` ASC', [...], false)
 5 APPPATH/Models/Users.php(42): CodeIgniter\Database\BaseBuilder->get()
 6 APPPATH/Controllers/Home.php(75): App\Models\Users->getDataPoomsaeIndividu()
 7 SYSTEMPATH/CodeIgniter.php(927): App\Controllers\Home->poomsae()
 8 SYSTEMPATH/CodeIgniter.php(482): CodeIgniter\CodeIgniter->runController(Object(App\Controllers\Home))
 9 SYSTEMPATH/CodeIgniter.php(351): CodeIgniter\CodeIgniter->handleRequest(null, Object(Config\Cache), false)
10 FCPATH/index.php(67): CodeIgniter\CodeIgniter->run()
11 SYSTEMPATH/Commands/Server/rewrite.php(46): require_once('FCPATH/index.php')
ERROR - 2023-01-03 09:10:59 --> mysqli_sql_exception: Unknown column 'class_detail.user1' in 'on clause' in /Applications/MAMP/htdocs/victory-open/system/Database/MySQLi/Connection.php:292
Stack trace:
#0 /Applications/MAMP/htdocs/victory-open/system/Database/MySQLi/Connection.php(292): mysqli->query('SELECT `users`....', 0)
#1 /Applications/MAMP/htdocs/victory-open/system/Database/BaseConnection.php(666): CodeIgniter\Database\MySQLi\Connection->execute('SELECT `users`....')
#2 /Applications/MAMP/htdocs/victory-open/system/Database/BaseConnection.php(593): CodeIgniter\Database\BaseConnection->simpleQuery('SELECT `users`....')
#3 /Applications/MAMP/htdocs/victory-open/system/Database/BaseBuilder.php(1585): CodeIgniter\Database\BaseConnection->query('SELECT `users`....', Array, false)
#4 /Applications/MAMP/htdocs/victory-open/app/Models/Users.php(42): CodeIgniter\Database\BaseBuilder->get()
#5 /Applications/MAMP/htdocs/victory-open/app/Controllers/Home.php(75): App\Models\Users->getDataPoomsaeIndividu()
#6 /Applications/MAMP/htdocs/victory-open/system/CodeIgniter.php(927): App\Controllers\Home->poomsae()
#7 /Applications/MAMP/htdocs/victory-open/system/CodeIgniter.php(482): CodeIgniter\CodeIgniter->runController(Object(App\Controllers\Home))
#8 /Applications/MAMP/htdocs/victory-open/system/CodeIgniter.php(351): CodeIgniter\CodeIgniter->handleRequest(NULL, Object(Config\Cache), false)
#9 /Applications/MAMP/htdocs/victory-open/public/index.php(67): CodeIgniter\CodeIgniter->run()
#10 /Applications/MAMP/htdocs/victory-open/system/Commands/Server/rewrite.php(46): require_once('/Applications/M...')
#11 {main}
CRITICAL - 2023-01-03 09:10:59 --> Unknown column 'class_detail.user1' in 'on clause'
in SYSTEMPATH/Database/MySQLi/Connection.php on line 292.
 1 SYSTEMPATH/Database/MySQLi/Connection.php(292): mysqli->query('SELECT `users`.*
FROM `users`
JOIN `clubs` ON `clubs`.`id` = `users`.`club_id`
JOIN `class_detail` ON `class_detail`.`user1` = `users`.`id`
JOIN `categories` ON `categories`.`id` = `class_detail`.`category_id`
WHERE `categories`.`jenis` = \'individual\'
ORDER BY `clubs`.`id` ASC', 0)
 2 SYSTEMPATH/Database/BaseConnection.php(666): CodeIgniter\Database\MySQLi\Connection->execute('SELECT `users`.*
FROM `users`
JOIN `clubs` ON `clubs`.`id` = `users`.`club_id`
JOIN `class_detail` ON `class_detail`.`user1` = `users`.`id`
JOIN `categories` ON `categories`.`id` = `class_detail`.`category_id`
WHERE `categories`.`jenis` = \'individual\'
ORDER BY `clubs`.`id` ASC')
 3 SYSTEMPATH/Database/BaseConnection.php(593): CodeIgniter\Database\BaseConnection->simpleQuery('SELECT `users`.*
FROM `users`
JOIN `clubs` ON `clubs`.`id` = `users`.`club_id`
JOIN `class_detail` ON `class_detail`.`user1` = `users`.`id`
JOIN `categories` ON `categories`.`id` = `class_detail`.`category_id`
WHERE `categories`.`jenis` = \'individual\'
ORDER BY `clubs`.`id` ASC')
 4 SYSTEMPATH/Database/BaseBuilder.php(1585): CodeIgniter\Database\BaseConnection->query('SELECT `users`.*
FROM `users`
JOIN `clubs` ON `clubs`.`id` = `users`.`club_id`
JOIN `class_detail` ON `class_detail`.`user1` = `users`.`id`
JOIN `categories` ON `categories`.`id` = `class_detail`.`category_id`
WHERE `categories`.`jenis` = :categories.jenis:
ORDER BY `clubs`.`id` ASC', [...], false)
 5 APPPATH/Models/Users.php(42): CodeIgniter\Database\BaseBuilder->get()
 6 APPPATH/Controllers/Home.php(75): App\Models\Users->getDataPoomsaeIndividu()
 7 SYSTEMPATH/CodeIgniter.php(927): App\Controllers\Home->poomsae()
 8 SYSTEMPATH/CodeIgniter.php(482): CodeIgniter\CodeIgniter->runController(Object(App\Controllers\Home))
 9 SYSTEMPATH/CodeIgniter.php(351): CodeIgniter\CodeIgniter->handleRequest(null, Object(Config\Cache), false)
10 FCPATH/index.php(67): CodeIgniter\CodeIgniter->run()
11 SYSTEMPATH/Commands/Server/rewrite.php(46): require_once('FCPATH/index.php')
ERROR - 2023-01-03 09:11:06 --> mysqli_sql_exception: Unknown column 'categores.jenis' in 'where clause' in /Applications/MAMP/htdocs/victory-open/system/Database/MySQLi/Connection.php:292
Stack trace:
#0 /Applications/MAMP/htdocs/victory-open/system/Database/MySQLi/Connection.php(292): mysqli->query('SELECT *\nFROM `...', 0)
#1 /Applications/MAMP/htdocs/victory-open/system/Database/BaseConnection.php(666): CodeIgniter\Database\MySQLi\Connection->execute('SELECT *\nFROM `...')
#2 /Applications/MAMP/htdocs/victory-open/system/Database/BaseConnection.php(593): CodeIgniter\Database\BaseConnection->simpleQuery('SELECT *\nFROM `...')
#3 /Applications/MAMP/htdocs/victory-open/system/Database/BaseBuilder.php(1585): CodeIgniter\Database\BaseConnection->query('SELECT *\nFROM `...', Array, false)
#4 /Applications/MAMP/htdocs/victory-open/app/Models/Users.php(52): CodeIgniter\Database\BaseBuilder->get()
#5 /Applications/MAMP/htdocs/victory-open/app/Controllers/Home.php(76): App\Models\Users->getDataPoomsaePair()
#6 /Applications/MAMP/htdocs/victory-open/system/CodeIgniter.php(927): App\Controllers\Home->poomsae()
#7 /Applications/MAMP/htdocs/victory-open/system/CodeIgniter.php(482): CodeIgniter\CodeIgniter->runController(Object(App\Controllers\Home))
#8 /Applications/MAMP/htdocs/victory-open/system/CodeIgniter.php(351): CodeIgniter\CodeIgniter->handleRequest(NULL, Object(Config\Cache), false)
#9 /Applications/MAMP/htdocs/victory-open/public/index.php(67): CodeIgniter\CodeIgniter->run()
#10 /Applications/MAMP/htdocs/victory-open/system/Commands/Server/rewrite.php(46): require_once('/Applications/M...')
#11 {main}
CRITICAL - 2023-01-03 09:11:06 --> Unknown column 'categores.jenis' in 'where clause'
in SYSTEMPATH/Database/MySQLi/Connection.php on line 292.
 1 SYSTEMPATH/Database/MySQLi/Connection.php(292): mysqli->query('SELECT *
FROM `users`
JOIN `clubs` ON `clubs`.`id` = `users`.`club_id`
JOIN `class_detail` ON `class_detail`.`user1` = `users`.`id`
JOIN `categories` ON `categories`.`id` = `class_detail`.`category_id`
WHERE `categores`.`jenis` = \'pair\'
ORDER BY `clubs`.`id` ASC', 0)
 2 SYSTEMPATH/Database/BaseConnection.php(666): CodeIgniter\Database\MySQLi\Connection->execute('SELECT *
FROM `users`
JOIN `clubs` ON `clubs`.`id` = `users`.`club_id`
JOIN `class_detail` ON `class_detail`.`user1` = `users`.`id`
JOIN `categories` ON `categories`.`id` = `class_detail`.`category_id`
WHERE `categores`.`jenis` = \'pair\'
ORDER BY `clubs`.`id` ASC')
 3 SYSTEMPATH/Database/BaseConnection.php(593): CodeIgniter\Database\BaseConnection->simpleQuery('SELECT *
FROM `users`
JOIN `clubs` ON `clubs`.`id` = `users`.`club_id`
JOIN `class_detail` ON `class_detail`.`user1` = `users`.`id`
JOIN `categories` ON `categories`.`id` = `class_detail`.`category_id`
WHERE `categores`.`jenis` = \'pair\'
ORDER BY `clubs`.`id` ASC')
 4 SYSTEMPATH/Database/BaseBuilder.php(1585): CodeIgniter\Database\BaseConnection->query('SELECT *
FROM `users`
JOIN `clubs` ON `clubs`.`id` = `users`.`club_id`
JOIN `class_detail` ON `class_detail`.`user1` = `users`.`id`
JOIN `categories` ON `categories`.`id` = `class_detail`.`category_id`
WHERE `categores`.`jenis` = :categores.jenis:
ORDER BY `clubs`.`id` ASC', [...], false)
 5 APPPATH/Models/Users.php(52): CodeIgniter\Database\BaseBuilder->get()
 6 APPPATH/Controllers/Home.php(76): App\Models\Users->getDataPoomsaePair()
 7 SYSTEMPATH/CodeIgniter.php(927): App\Controllers\Home->poomsae()
 8 SYSTEMPATH/CodeIgniter.php(482): CodeIgniter\CodeIgniter->runController(Object(App\Controllers\Home))
 9 SYSTEMPATH/CodeIgniter.php(351): CodeIgniter\CodeIgniter->handleRequest(null, Object(Config\Cache), false)
10 FCPATH/index.php(67): CodeIgniter\CodeIgniter->run()
11 SYSTEMPATH/Commands/Server/rewrite.php(46): require_once('FCPATH/index.php')
ERROR - 2023-01-03 09:11:31 --> mysqli_sql_exception: Unknown column 'class_detail.user1' in 'on clause' in /Applications/MAMP/htdocs/victory-open/system/Database/MySQLi/Connection.php:292
Stack trace:
#0 /Applications/MAMP/htdocs/victory-open/system/Database/MySQLi/Connection.php(292): mysqli->query('SELECT *\nFROM `...', 0)
#1 /Applications/MAMP/htdocs/victory-open/system/Database/BaseConnection.php(666): CodeIgniter\Database\MySQLi\Connection->execute('SELECT *\nFROM `...')
#2 /Applications/MAMP/htdocs/victory-open/system/Database/BaseConnection.php(593): CodeIgniter\Database\BaseConnection->simpleQuery('SELECT *\nFROM `...')
#3 /Applications/MAMP/htdocs/victory-open/system/Database/BaseBuilder.php(1585): CodeIgniter\Database\BaseConnection->query('SELECT *\nFROM `...', Array, false)
#4 /Applications/MAMP/htdocs/victory-open/app/Models/Users.php(52): CodeIgniter\Database\BaseBuilder->get()
#5 /Applications/MAMP/htdocs/victory-open/app/Controllers/Home.php(76): App\Models\Users->getDataPoomsaePair()
#6 /Applications/MAMP/htdocs/victory-open/system/CodeIgniter.php(927): App\Controllers\Home->poomsae()
#7 /Applications/MAMP/htdocs/victory-open/system/CodeIgniter.php(482): CodeIgniter\CodeIgniter->runController(Object(App\Controllers\Home))
#8 /Applications/MAMP/htdocs/victory-open/system/CodeIgniter.php(351): CodeIgniter\CodeIgniter->handleRequest(NULL, Object(Config\Cache), false)
#9 /Applications/MAMP/htdocs/victory-open/public/index.php(67): CodeIgniter\CodeIgniter->run()
#10 /Applications/MAMP/htdocs/victory-open/system/Commands/Server/rewrite.php(46): require_once('/Applications/M...')
#11 {main}
CRITICAL - 2023-01-03 09:11:31 --> Unknown column 'class_detail.user1' in 'on clause'
in SYSTEMPATH/Database/MySQLi/Connection.php on line 292.
 1 SYSTEMPATH/Database/MySQLi/Connection.php(292): mysqli->query('SELECT *
FROM `users`
JOIN `clubs` ON `clubs`.`id` = `users`.`club_id`
JOIN `class_detail` ON `class_detail`.`user1` = `users`.`id`
JOIN `categories` ON `categories`.`id` = `class_detail`.`category_id`
WHERE `categories`.`jenis` = \'pair\'
ORDER BY `clubs`.`id` ASC', 0)
 2 SYSTEMPATH/Database/BaseConnection.php(666): CodeIgniter\Database\MySQLi\Connection->execute('SELECT *
FROM `users`
JOIN `clubs` ON `clubs`.`id` = `users`.`club_id`
JOIN `class_detail` ON `class_detail`.`user1` = `users`.`id`
JOIN `categories` ON `categories`.`id` = `class_detail`.`category_id`
WHERE `categories`.`jenis` = \'pair\'
ORDER BY `clubs`.`id` ASC')
 3 SYSTEMPATH/Database/BaseConnection.php(593): CodeIgniter\Database\BaseConnection->simpleQuery('SELECT *
FROM `users`
JOIN `clubs` ON `clubs`.`id` = `users`.`club_id`
JOIN `class_detail` ON `class_detail`.`user1` = `users`.`id`
JOIN `categories` ON `categories`.`id` = `class_detail`.`category_id`
WHERE `categories`.`jenis` = \'pair\'
ORDER BY `clubs`.`id` ASC')
 4 SYSTEMPATH/Database/BaseBuilder.php(1585): CodeIgniter\Database\BaseConnection->query('SELECT *
FROM `users`
JOIN `clubs` ON `clubs`.`id` = `users`.`club_id`
JOIN `class_detail` ON `class_detail`.`user1` = `users`.`id`
JOIN `categories` ON `categories`.`id` = `class_detail`.`category_id`
WHERE `categories`.`jenis` = :categories.jenis:
ORDER BY `clubs`.`id` ASC', [...], false)
 5 APPPATH/Models/Users.php(52): CodeIgniter\Database\BaseBuilder->get()
 6 APPPATH/Controllers/Home.php(76): App\Models\Users->getDataPoomsaePair()
 7 SYSTEMPATH/CodeIgniter.php(927): App\Controllers\Home->poomsae()
 8 SYSTEMPATH/CodeIgniter.php(482): CodeIgniter\CodeIgniter->runController(Object(App\Controllers\Home))
 9 SYSTEMPATH/CodeIgniter.php(351): CodeIgniter\CodeIgniter->handleRequest(null, Object(Config\Cache), false)
10 FCPATH/index.php(67): CodeIgniter\CodeIgniter->run()
11 SYSTEMPATH/Commands/Server/rewrite.php(46): require_once('FCPATH/index.php')
