CRITICAL - 2022-11-20 08:41:54 --> Undefined index: person
in APPPATH/Controllers/Registration.php on line 136.
 1 APPPATH/Controllers/Registration.php(136): CodeIgniter\Debug\Exceptions->errorHandler(8, 'Undefined index: person', 'APPPATH/Controllers/Registration.php', 136, [...])
 2 SYSTEMPATH/CodeIgniter.php(927): App\Controllers\Registration->simpanPeserta()
 3 SYSTEMPATH/CodeIgniter.php(482): CodeIgniter\CodeIgniter->runController(Object(App\Controllers\Registration))
 4 SYSTEMPATH/CodeIgniter.php(351): CodeIgniter\CodeIgniter->handleRequest(null, Object(Config\Cache), false)
 5 FCPATH/index.php(67): CodeIgniter\CodeIgniter->run()
 6 SYSTEMPATH/Commands/Server/rewrite.php(46): require_once('FCPATH/index.php')
CRITICAL - 2022-11-20 08:43:05 --> Undefined index: person
in APPPATH/Controllers/Registration.php on line 137.
 1 APPPATH/Controllers/Registration.php(137): CodeIgniter\Debug\Exceptions->errorHandler(8, 'Undefined index: person', 'APPPATH/Controllers/Registration.php', 137, [...])
 2 SYSTEMPATH/CodeIgniter.php(927): App\Controllers\Registration->simpanPeserta()
 3 SYSTEMPATH/CodeIgniter.php(482): CodeIgniter\CodeIgniter->runController(Object(App\Controllers\Registration))
 4 SYSTEMPATH/CodeIgniter.php(351): CodeIgniter\CodeIgniter->handleRequest(null, Object(Config\Cache), false)
 5 FCPATH/index.php(67): CodeIgniter\CodeIgniter->run()
 6 SYSTEMPATH/Commands/Server/rewrite.php(46): require_once('FCPATH/index.php')
CRITICAL - 2022-11-20 09:05:11 --> Undefined index: person
in APPPATH/Controllers/Registration.php on line 137.
 1 APPPATH/Controllers/Registration.php(137): CodeIgniter\Debug\Exceptions->errorHandler(8, 'Undefined index: person', 'APPPATH/Controllers/Registration.php', 137, [...])
 2 SYSTEMPATH/CodeIgniter.php(927): App\Controllers\Registration->simpanPeserta()
 3 SYSTEMPATH/CodeIgniter.php(482): CodeIgniter\CodeIgniter->runController(Object(App\Controllers\Registration))
 4 SYSTEMPATH/CodeIgniter.php(351): CodeIgniter\CodeIgniter->handleRequest(null, Object(Config\Cache), false)
 5 FCPATH/index.php(67): CodeIgniter\CodeIgniter->run()
 6 SYSTEMPATH/Commands/Server/rewrite.php(46): require_once('FCPATH/index.php')
CRITICAL - 2022-11-20 09:11:37 --> Undefined index: akte
in APPPATH/Controllers/Registration.php on line 154.
 1 APPPATH/Controllers/Registration.php(154): CodeIgniter\Debug\Exceptions->errorHandler(8, 'Undefined index: akte', 'APPPATH/Controllers/Registration.php', 154, [...])
 2 SYSTEMPATH/CodeIgniter.php(927): App\Controllers\Registration->simpanPeserta()
 3 SYSTEMPATH/CodeIgniter.php(482): CodeIgniter\CodeIgniter->runController(Object(App\Controllers\Registration))
 4 SYSTEMPATH/CodeIgniter.php(351): CodeIgniter\CodeIgniter->handleRequest(null, Object(Config\Cache), false)
 5 FCPATH/index.php(67): CodeIgniter\CodeIgniter->run()
 6 SYSTEMPATH/Commands/Server/rewrite.php(46): require_once('FCPATH/index.php')
CRITICAL - 2022-11-20 09:33:49 --> Undefined index: akte
in APPPATH/Controllers/Registration.php on line 154.
 1 APPPATH/Controllers/Registration.php(154): CodeIgniter\Debug\Exceptions->errorHandler(8, 'Undefined index: akte', 'APPPATH/Controllers/Registration.php', 154, [...])
 2 SYSTEMPATH/CodeIgniter.php(927): App\Controllers\Registration->simpanPeserta()
 3 SYSTEMPATH/CodeIgniter.php(482): CodeIgniter\CodeIgniter->runController(Object(App\Controllers\Registration))
 4 SYSTEMPATH/CodeIgniter.php(351): CodeIgniter\CodeIgniter->handleRequest(null, Object(Config\Cache), false)
 5 FCPATH/index.php(67): CodeIgniter\CodeIgniter->run()
 6 SYSTEMPATH/Commands/Server/rewrite.php(46): require_once('FCPATH/index.php')
