CRITICAL - 2023-01-02 11:38:39 --> Invalid file: login.php
in SYSTEMPATH/Exceptions/FrameworkException.php on line 33.
 1 SYSTEMPATH/View/View.php(201): CodeIgniter\Exceptions\FrameworkException::forInvalidFile('login.php')
 2 SYSTEMPATH/Common.php(1134): CodeIgniter\View\View->render('login', [], true)
 3 APPPATH/Controllers/Auth.php(24): view('login')
 4 SYSTEMPATH/CodeIgniter.php(927): App\Controllers\Auth->login()
 5 SYSTEMPATH/CodeIgniter.php(482): CodeIgniter\CodeIgniter->runController(Object(App\Controllers\Auth))
 6 SYSTEMPATH/CodeIgniter.php(351): CodeIgniter\CodeIgniter->handleRequest(null, Object(Config\Cache), false)
 7 FCPATH/index.php(67): CodeIgniter\CodeIgniter->run()
 8 SYSTEMPATH/Commands/Server/rewrite.php(46): require_once('FCPATH/index.php')
ERROR - 2023-01-02 12:56:08 --> mysqli_sql_exception: Table 'victory_open.club' doesn't exist in /Applications/MAMP/htdocs/victory-open/system/Database/MySQLi/Connection.php:292
Stack trace:
#0 /Applications/MAMP/htdocs/victory-open/system/Database/MySQLi/Connection.php(292): mysqli->query('SELECT COUNT(*)...', 0)
#1 /Applications/MAMP/htdocs/victory-open/system/Database/BaseConnection.php(666): CodeIgniter\Database\MySQLi\Connection->execute('SELECT COUNT(*)...')
#2 /Applications/MAMP/htdocs/victory-open/system/Database/BaseConnection.php(593): CodeIgniter\Database\BaseConnection->simpleQuery('SELECT COUNT(*)...')
#3 /Applications/MAMP/htdocs/victory-open/system/Database/BaseBuilder.php(1585): CodeIgniter\Database\BaseConnection->query('SELECT COUNT(*)...', Array, false)
#4 /Applications/MAMP/htdocs/victory-open/app/Models/Clubs.php(22): CodeIgniter\Database\BaseBuilder->get()
#5 /Applications/MAMP/htdocs/victory-open/app/Controllers/Auth.php(79): App\Models\Clubs->getTotalClub()
#6 /Applications/MAMP/htdocs/victory-open/system/CodeIgniter.php(927): App\Controllers\Auth->dashboard()
#7 /Applications/MAMP/htdocs/victory-open/system/CodeIgniter.php(482): CodeIgniter\CodeIgniter->runController(Object(App\Controllers\Auth))
#8 /Applications/MAMP/htdocs/victory-open/system/CodeIgniter.php(351): CodeIgniter\CodeIgniter->handleRequest(NULL, Object(Config\Cache), false)
#9 /Applications/MAMP/htdocs/victory-open/public/index.php(67): CodeIgniter\CodeIgniter->run()
#10 /Applications/MAMP/htdocs/victory-open/system/Commands/Server/rewrite.php(46): require_once('/Applications/M...')
#11 {main}
CRITICAL - 2023-01-02 12:56:08 --> Table 'victory_open.club' doesn't exist
in SYSTEMPATH/Database/MySQLi/Connection.php on line 292.
 1 SYSTEMPATH/Database/MySQLi/Connection.php(292): mysqli->query('SELECT COUNT(*) as total
FROM `club`', 0)
 2 SYSTEMPATH/Database/BaseConnection.php(666): CodeIgniter\Database\MySQLi\Connection->execute('SELECT COUNT(*) as total
FROM `club`')
 3 SYSTEMPATH/Database/BaseConnection.php(593): CodeIgniter\Database\BaseConnection->simpleQuery('SELECT COUNT(*) as total
FROM `club`')
 4 SYSTEMPATH/Database/BaseBuilder.php(1585): CodeIgniter\Database\BaseConnection->query('SELECT COUNT(*) as total
FROM `club`', [], false)
 5 APPPATH/Models/Clubs.php(22): CodeIgniter\Database\BaseBuilder->get()
 6 APPPATH/Controllers/Auth.php(79): App\Models\Clubs->getTotalClub()
 7 SYSTEMPATH/CodeIgniter.php(927): App\Controllers\Auth->dashboard()
 8 SYSTEMPATH/CodeIgniter.php(482): CodeIgniter\CodeIgniter->runController(Object(App\Controllers\Auth))
 9 SYSTEMPATH/CodeIgniter.php(351): CodeIgniter\CodeIgniter->handleRequest(null, Object(Config\Cache), false)
10 FCPATH/index.php(67): CodeIgniter\CodeIgniter->run()
11 SYSTEMPATH/Commands/Server/rewrite.php(46): require_once('FCPATH/index.php')
